Analysis & Synthesis report for DPC_decoder
Fri Jun 05 16:37:05 2026
Quartus Prime Version 17.1.0 Build 590 10/25/2017 SJ Lite Edition


---------------------
; Table of Contents ;
---------------------
  1. Legal Notice
  2. Analysis & Synthesis Summary
  3. Analysis & Synthesis Settings
  4. Parallel Compilation
  5. Analysis & Synthesis Source Files Read
  6. Analysis & Synthesis Resource Usage Summary
  7. Analysis & Synthesis Resource Utilization by Entity
  8. State Machine - |DPC_decoder|state
  9. General Register Statistics
 10. Multiplexer Restructuring Statistics (Restructuring Performed)
 11. Parameter Settings for User Entity Instance: FIFO_nMots_mBits:u_fifo_in
 12. Parameter Settings for User Entity Instance: FIFO_nMots_mBits:u_fifo_out
 13. Port Connectivity Checks: "FIFO_nMots_mBits:u_fifo_out"
 14. Port Connectivity Checks: "FIFO_nMots_mBits:u_fifo_in"
 15. Post-Synthesis Netlist Statistics for Top Partition
 16. Elapsed Time Per Partition
 17. Analysis & Synthesis Messages



----------------
; Legal Notice ;
----------------
Copyright (C) 2017  Intel Corporation. All rights reserved.
Your use of Intel Corporation's design tools, logic functions 
and other software and tools, and its AMPP partner logic 
functions, and any output files from any of the foregoing 
(including device programming or simulation files), and any 
associated documentation or information are expressly subject 
to the terms and conditions of the Intel Program License 
Subscription Agreement, the Intel Quartus Prime License Agreement,
the Intel FPGA IP License Agreement, or other applicable license
agreement, including, without limitation, that your use is for
the sole purpose of programming logic devices manufactured by
Intel and sold by Intel or its authorized distributors.  Please
refer to the applicable agreement for further details.



+-------------------------------------------------------------------------------+
; Analysis & Synthesis Summary                                                  ;
+---------------------------------+---------------------------------------------+
; Analysis & Synthesis Status     ; Successful - Fri Jun 05 16:37:05 2026       ;
; Quartus Prime Version           ; 17.1.0 Build 590 10/25/2017 SJ Lite Edition ;
; Revision Name                   ; DPC_decoder                                 ;
; Top-level Entity Name           ; DPC_decoder                                 ;
; Family                          ; Cyclone V                                   ;
; Logic utilization (in ALMs)     ; N/A                                         ;
; Total registers                 ; 219                                         ;
; Total pins                      ; 23                                          ;
; Total virtual pins              ; 0                                           ;
; Total block memory bits         ; 0                                           ;
; Total DSP Blocks                ; 0                                           ;
; Total HSSI RX PCSs              ; 0                                           ;
; Total HSSI PMA RX Deserializers ; 0                                           ;
; Total HSSI TX PCSs              ; 0                                           ;
; Total HSSI PMA TX Serializers   ; 0                                           ;
; Total PLLs                      ; 0                                           ;
; Total DLLs                      ; 0                                           ;
+---------------------------------+---------------------------------------------+


+---------------------------------------------------------------------------------------------------------------------------+
; Analysis & Synthesis Settings                                                                                             ;
+---------------------------------------------------------------------------------+--------------------+--------------------+
; Option                                                                          ; Setting            ; Default Value      ;
+---------------------------------------------------------------------------------+--------------------+--------------------+
; Device                                                                          ; 5CEBA4F23C7        ;                    ;
; Top-level entity name                                                           ; DPC_decoder        ; DPC_decoder        ;
; Family name                                                                     ; Cyclone V          ; Cyclone V          ;
; Optimization Technique                                                          ; Speed              ; Balanced           ;
; Use smart compilation                                                           ; Off                ; Off                ;
; Enable parallel Assembler and TimeQuest Timing Analyzer during compilation      ; On                 ; On                 ;
; Enable compact report table                                                     ; Off                ; Off                ;
; Restructure Multiplexers                                                        ; Auto               ; Auto               ;
; MLAB Add Timing Constraints For Mixed-Port Feed-Through Mode Setting Don't Care ; Off                ; Off                ;
; Create Debugging Nodes for IP Cores                                             ; Off                ; Off                ;
; Preserve fewer node names                                                       ; On                 ; On                 ;
; Intel FPGA IP Evaluation Mode                                                   ; Enable             ; Enable             ;
; Verilog Version                                                                 ; Verilog_2001       ; Verilog_2001       ;
; VHDL Version                                                                    ; VHDL_1993          ; VHDL_1993          ;
; State Machine Processing                                                        ; Auto               ; Auto               ;
; Safe State Machine                                                              ; Off                ; Off                ;
; Extract Verilog State Machines                                                  ; On                 ; On                 ;
; Extract VHDL State Machines                                                     ; On                 ; On                 ;
; Ignore Verilog initial constructs                                               ; Off                ; Off                ;
; Iteration limit for constant Verilog loops                                      ; 5000               ; 5000               ;
; Iteration limit for non-constant Verilog loops                                  ; 250                ; 250                ;
; Add Pass-Through Logic to Inferred RAMs                                         ; On                 ; On                 ;
; Infer RAMs from Raw Logic                                                       ; On                 ; On                 ;
; Parallel Synthesis                                                              ; On                 ; On                 ;
; DSP Block Balancing                                                             ; Auto               ; Auto               ;
; NOT Gate Push-Back                                                              ; On                 ; On                 ;
; Power-Up Don't Care                                                             ; On                 ; On                 ;
; Remove Redundant Logic Cells                                                    ; Off                ; Off                ;
; Remove Duplicate Registers                                                      ; On                 ; On                 ;
; Ignore CARRY Buffers                                                            ; Off                ; Off                ;
; Ignore CASCADE Buffers                                                          ; Off                ; Off                ;
; Ignore GLOBAL Buffers                                                           ; Off                ; Off                ;
; Ignore ROW GLOBAL Buffers                                                       ; Off                ; Off                ;
; Ignore LCELL Buffers                                                            ; Off                ; Off                ;
; Ignore SOFT Buffers                                                             ; On                 ; On                 ;
; Limit AHDL Integers to 32 Bits                                                  ; Off                ; Off                ;
; Carry Chain Length                                                              ; 70                 ; 70                 ;
; Auto Carry Chains                                                               ; On                 ; On                 ;
; Auto Open-Drain Pins                                                            ; On                 ; On                 ;
; Perform WYSIWYG Primitive Resynthesis                                           ; Off                ; Off                ;
; Auto ROM Replacement                                                            ; On                 ; On                 ;
; Auto RAM Replacement                                                            ; On                 ; On                 ;
; Auto DSP Block Replacement                                                      ; On                 ; On                 ;
; Auto Shift Register Replacement                                                 ; Auto               ; Auto               ;
; Allow Shift Register Merging across Hierarchies                                 ; Auto               ; Auto               ;
; Auto Clock Enable Replacement                                                   ; On                 ; On                 ;
; Strict RAM Replacement                                                          ; Off                ; Off                ;
; Allow Synchronous Control Signals                                               ; On                 ; On                 ;
; Force Use of Synchronous Clear Signals                                          ; Off                ; Off                ;
; Auto Resource Sharing                                                           ; Off                ; Off                ;
; Allow Any RAM Size For Recognition                                              ; Off                ; Off                ;
; Allow Any ROM Size For Recognition                                              ; Off                ; Off                ;
; Allow Any Shift Register Size For Recognition                                   ; Off                ; Off                ;
; Use LogicLock Constraints during Resource Balancing                             ; On                 ; On                 ;
; Ignore translate_off and synthesis_off directives                               ; Off                ; Off                ;
; Timing-Driven Synthesis                                                         ; On                 ; On                 ;
; Report Parameter Settings                                                       ; On                 ; On                 ;
; Report Source Assignments                                                       ; On                 ; On                 ;
; Report Connectivity Checks                                                      ; On                 ; On                 ;
; Ignore Maximum Fan-Out Assignments                                              ; Off                ; Off                ;
; Synchronization Register Chain Length                                           ; 3                  ; 3                  ;
; Power Optimization During Synthesis                                             ; Normal compilation ; Normal compilation ;
; HDL message level                                                               ; Level2             ; Level2             ;
; Suppress Register Optimization Related Messages                                 ; Off                ; Off                ;
; Number of Removed Registers Reported in Synthesis Report                        ; 5000               ; 5000               ;
; Number of Swept Nodes Reported in Synthesis Report                              ; 5000               ; 5000               ;
; Number of Inverted Registers Reported in Synthesis Report                       ; 100                ; 100                ;
; Clock MUX Protection                                                            ; On                 ; On                 ;
; Auto Gated Clock Conversion                                                     ; Off                ; Off                ;
; Block Design Naming                                                             ; Auto               ; Auto               ;
; SDC constraint protection                                                       ; Off                ; Off                ;
; Synthesis Effort                                                                ; Auto               ; Auto               ;
; Shift Register Replacement - Allow Asynchronous Clear Signal                    ; On                 ; On                 ;
; Pre-Mapping Resynthesis Optimization                                            ; Off                ; Off                ;
; Analysis & Synthesis Message Level                                              ; Medium             ; Medium             ;
; Disable Register Merging Across Hierarchies                                     ; Auto               ; Auto               ;
; Resource Aware Inference For Block RAM                                          ; On                 ; On                 ;
; Automatic Parallel Synthesis                                                    ; On                 ; On                 ;
; Partial Reconfiguration Bitstream ID                                            ; Off                ; Off                ;
+---------------------------------------------------------------------------------+--------------------+--------------------+


+------------------------------------------+
; Parallel Compilation                     ;
+----------------------------+-------------+
; Processors                 ; Number      ;
+----------------------------+-------------+
; Number detected on machine ; 4           ;
; Maximum allowed            ; 2           ;
;                            ;             ;
; Average used               ; 1.00        ;
; Maximum used               ; 2           ;
;                            ;             ;
; Usage by Processor         ; % Time Used ;
;     Processor 1            ; 100.0%      ;
;     Processor 2            ;   0.0%      ;
+----------------------------+-------------+


+--------------------------------------------------------------------------------------------------------------------------------------------------------+
; Analysis & Synthesis Source Files Read                                                                                                                 ;
+----------------------------------+-----------------+-----------------+-----------------------------------------------------------------------+---------+
; File Name with User-Entered Path ; Used in Netlist ; File Type       ; File Name with Absolute Path                                          ; Library ;
+----------------------------------+-----------------+-----------------+-----------------------------------------------------------------------+---------+
; ../FIFO_nMots_mBits.vhd          ; yes             ; User VHDL File  ; C:/Users/dell/Desktop/ENIB/S9/CSP/mini_projet/v3/FIFO_nMots_mBits.vhd ;         ;
; ../DPC_decoder.vhd               ; yes             ; User VHDL File  ; C:/Users/dell/Desktop/ENIB/S9/CSP/mini_projet/v3/DPC_decoder.vhd      ;         ;
+----------------------------------+-----------------+-----------------+-----------------------------------------------------------------------+---------+


+---------------------------------------------------------+
; Analysis & Synthesis Resource Usage Summary             ;
+---------------------------------------------+-----------+
; Resource                                    ; Usage     ;
+---------------------------------------------+-----------+
; Estimate of Logic utilization (ALMs needed) ; 256       ;
;                                             ;           ;
; Combinational ALUT usage for logic          ; 326       ;
;     -- 7 input functions                    ; 5         ;
;     -- 6 input functions                    ; 66        ;
;     -- 5 input functions                    ; 116       ;
;     -- 4 input functions                    ; 43        ;
;     -- <=3 input functions                  ; 96        ;
;                                             ;           ;
; Dedicated logic registers                   ; 219       ;
;                                             ;           ;
; I/O pins                                    ; 23        ;
;                                             ;           ;
; Total DSP Blocks                            ; 0         ;
;                                             ;           ;
; Maximum fan-out node                        ; Clk~input ;
; Maximum fan-out                             ; 219       ;
; Total fan-out                               ; 2373      ;
; Average fan-out                             ; 4.02      ;
+---------------------------------------------+-----------+


+------------------------------------------------------------------------------------------------------------------------------------------------------------------------------------------------------------------------+
; Analysis & Synthesis Resource Utilization by Entity                                                                                                                                                                    ;
+----------------------------------+---------------------+---------------------------+-------------------+------------+------+--------------+------------------------------------------+------------------+--------------+
; Compilation Hierarchy Node       ; Combinational ALUTs ; Dedicated Logic Registers ; Block Memory Bits ; DSP Blocks ; Pins ; Virtual Pins ; Full Hierarchy Name                      ; Entity Name      ; Library Name ;
+----------------------------------+---------------------+---------------------------+-------------------+------------+------+--------------+------------------------------------------+------------------+--------------+
; |DPC_decoder                     ; 326 (285)           ; 219 (83)                  ; 0                 ; 0          ; 23   ; 0            ; |DPC_decoder                             ; DPC_decoder      ; work         ;
;    |FIFO_nMots_mBits:u_fifo_in|  ; 12 (12)             ; 68 (68)                   ; 0                 ; 0          ; 0    ; 0            ; |DPC_decoder|FIFO_nMots_mBits:u_fifo_in  ; FIFO_nMots_mBits ; work         ;
;    |FIFO_nMots_mBits:u_fifo_out| ; 29 (29)             ; 68 (68)                   ; 0                 ; 0          ; 0    ; 0            ; |DPC_decoder|FIFO_nMots_mBits:u_fifo_out ; FIFO_nMots_mBits ; work         ;
+----------------------------------+---------------------+---------------------------+-------------------+------------+------+--------------+------------------------------------------+------------------+--------------+
Note: For table entries with two numbers listed, the numbers in parentheses indicate the number of resources of the given type used by the specific entity alone. The numbers listed outside of parentheses indicate the total resources of the given type used by the specific entity and all of its sub-entities in the hierarchy.


Encoding Type:  One-Hot
+----------------------------------------------------------------------------------------------------------------------------------------------+
; State Machine - |DPC_decoder|state                                                                                                           ;
+---------------------+--------------+---------------+-------------------+--------------+-----------------+---------------------+--------------+
; Name                ; state.S_DONE ; state.S_ERROR ; state.S_LOAD_DATA ; state.S_CORR ; state.S_ANALYSE ; state.S_LOAD_BUFFER ; state.S_IDLE ;
+---------------------+--------------+---------------+-------------------+--------------+-----------------+---------------------+--------------+
; state.S_IDLE        ; 0            ; 0             ; 0                 ; 0            ; 0               ; 0                   ; 0            ;
; state.S_LOAD_BUFFER ; 0            ; 0             ; 0                 ; 0            ; 0               ; 1                   ; 1            ;
; state.S_ANALYSE     ; 0            ; 0             ; 0                 ; 0            ; 1               ; 0                   ; 1            ;
; state.S_CORR        ; 0            ; 0             ; 0                 ; 1            ; 0               ; 0                   ; 1            ;
; state.S_LOAD_DATA   ; 0            ; 0             ; 1                 ; 0            ; 0               ; 0                   ; 1            ;
; state.S_ERROR       ; 0            ; 1             ; 0                 ; 0            ; 0               ; 0                   ; 1            ;
; state.S_DONE        ; 1            ; 0             ; 0                 ; 0            ; 0               ; 0                   ; 1            ;
+---------------------+--------------+---------------+-------------------+--------------+-----------------+---------------------+--------------+


+------------------------------------------------------+
; General Register Statistics                          ;
+----------------------------------------------+-------+
; Statistic                                    ; Value ;
+----------------------------------------------+-------+
; Total registers                              ; 219   ;
; Number of registers using Synchronous Clear  ; 0     ;
; Number of registers using Synchronous Load   ; 113   ;
; Number of registers using Asynchronous Clear ; 83    ;
; Number of registers using Asynchronous Load  ; 0     ;
; Number of registers using Clock Enable       ; 138   ;
; Number of registers using Preset             ; 0     ;
+----------------------------------------------+-------+


+-------------------------------------------------------------------------------------------------------------------------------------------------------------------+
; Multiplexer Restructuring Statistics (Restructuring Performed)                                                                                                    ;
+--------------------+-----------+---------------+----------------------+------------------------+------------+-----------------------------------------------------+
; Multiplexer Inputs ; Bus Width ; Baseline Area ; Area if Restructured ; Saving if Restructured ; Registered ; Example Multiplexer Output                          ;
+--------------------+-----------+---------------+----------------------+------------------------+------------+-----------------------------------------------------+
; 6:1                ; 8 bits    ; 32 LEs        ; 0 LEs                ; 32 LEs                 ; Yes        ; |DPC_decoder|FIFO_nMots_mBits:u_fifo_out|Fifo[7][6] ;
; 6:1                ; 2 bits    ; 8 LEs         ; 2 LEs                ; 6 LEs                  ; Yes        ; |DPC_decoder|FIFO_nMots_mBits:u_fifo_in|adrFifo[1]  ;
; 6:1                ; 8 bits    ; 32 LEs        ; 0 LEs                ; 32 LEs                 ; Yes        ; |DPC_decoder|FIFO_nMots_mBits:u_fifo_in|Fifo[7][0]  ;
; 7:1                ; 8 bits    ; 32 LEs        ; 0 LEs                ; 32 LEs                 ; Yes        ; |DPC_decoder|FIFO_nMots_mBits:u_fifo_out|Fifo[6][4] ;
; 7:1                ; 8 bits    ; 32 LEs        ; 0 LEs                ; 32 LEs                 ; Yes        ; |DPC_decoder|FIFO_nMots_mBits:u_fifo_out|Fifo[5][3] ;
; 7:1                ; 8 bits    ; 32 LEs        ; 0 LEs                ; 32 LEs                 ; Yes        ; |DPC_decoder|FIFO_nMots_mBits:u_fifo_out|Fifo[4][2] ;
; 7:1                ; 8 bits    ; 32 LEs        ; 0 LEs                ; 32 LEs                 ; Yes        ; |DPC_decoder|FIFO_nMots_mBits:u_fifo_out|Fifo[3][1] ;
; 7:1                ; 8 bits    ; 32 LEs        ; 0 LEs                ; 32 LEs                 ; Yes        ; |DPC_decoder|FIFO_nMots_mBits:u_fifo_out|Fifo[2][7] ;
; 7:1                ; 8 bits    ; 32 LEs        ; 0 LEs                ; 32 LEs                 ; Yes        ; |DPC_decoder|FIFO_nMots_mBits:u_fifo_out|Fifo[1][1] ;
; 7:1                ; 8 bits    ; 32 LEs        ; 0 LEs                ; 32 LEs                 ; Yes        ; |DPC_decoder|FIFO_nMots_mBits:u_fifo_out|Fifo[0][5] ;
; 7:1                ; 2 bits    ; 8 LEs         ; 4 LEs                ; 4 LEs                  ; Yes        ; |DPC_decoder|FIFO_nMots_mBits:u_fifo_out|adrFifo[2] ;
; 7:1                ; 8 bits    ; 32 LEs        ; 0 LEs                ; 32 LEs                 ; Yes        ; |DPC_decoder|FIFO_nMots_mBits:u_fifo_in|Fifo[6][3]  ;
; 7:1                ; 8 bits    ; 32 LEs        ; 0 LEs                ; 32 LEs                 ; Yes        ; |DPC_decoder|FIFO_nMots_mBits:u_fifo_in|Fifo[5][0]  ;
; 7:1                ; 8 bits    ; 32 LEs        ; 0 LEs                ; 32 LEs                 ; Yes        ; |DPC_decoder|FIFO_nMots_mBits:u_fifo_in|Fifo[4][1]  ;
; 7:1                ; 8 bits    ; 32 LEs        ; 0 LEs                ; 32 LEs                 ; Yes        ; |DPC_decoder|FIFO_nMots_mBits:u_fifo_in|Fifo[3][6]  ;
; 7:1                ; 8 bits    ; 32 LEs        ; 0 LEs                ; 32 LEs                 ; Yes        ; |DPC_decoder|FIFO_nMots_mBits:u_fifo_in|Fifo[2][6]  ;
; 7:1                ; 8 bits    ; 32 LEs        ; 0 LEs                ; 32 LEs                 ; Yes        ; |DPC_decoder|FIFO_nMots_mBits:u_fifo_in|Fifo[1][4]  ;
; 7:1                ; 8 bits    ; 32 LEs        ; 0 LEs                ; 32 LEs                 ; Yes        ; |DPC_decoder|FIFO_nMots_mBits:u_fifo_in|Fifo[0][4]  ;
; 4:1                ; 2 bits    ; 4 LEs         ; 4 LEs                ; 0 LEs                  ; No         ; |DPC_decoder|Mux1                                   ;
; 10:1               ; 8 bits    ; 48 LEs        ; 48 LEs               ; 0 LEs                  ; No         ; |DPC_decoder|out_fifo_din[1]                        ;
; 7:1                ; 2 bits    ; 8 LEs         ; 6 LEs                ; 2 LEs                  ; No         ; |DPC_decoder|Selector61                             ;
; 9:1                ; 2 bits    ; 12 LEs        ; 6 LEs                ; 6 LEs                  ; No         ; |DPC_decoder|Selector63                             ;
+--------------------+-----------+---------------+----------------------+------------------------+------------+-----------------------------------------------------+


+-------------------------------------------------------------------------+
; Parameter Settings for User Entity Instance: FIFO_nMots_mBits:u_fifo_in ;
+----------------+-------+------------------------------------------------+
; Parameter Name ; Value ; Type                                           ;
+----------------+-------+------------------------------------------------+
; data_width     ; 8     ; Signed Integer                                 ;
; fifo_size      ; 3     ; Signed Integer                                 ;
+----------------+-------+------------------------------------------------+
Note: In order to hide this table in the UI and the text report file, please set the "Show Parameter Settings in Synthesis Report" option in "Analysis and Synthesis Settings -> More Settings" to "Off".


+--------------------------------------------------------------------------+
; Parameter Settings for User Entity Instance: FIFO_nMots_mBits:u_fifo_out ;
+----------------+-------+-------------------------------------------------+
; Parameter Name ; Value ; Type                                            ;
+----------------+-------+-------------------------------------------------+
; data_width     ; 8     ; Signed Integer                                  ;
; fifo_size      ; 3     ; Signed Integer                                  ;
+----------------+-------+-------------------------------------------------+
Note: In order to hide this table in the UI and the text report file, please set the "Show Parameter Settings in Synthesis Report" option in "Analysis and Synthesis Settings -> More Settings" to "Off".


+---------------------------------------------------------------------------------------------------------------------+
; Port Connectivity Checks: "FIFO_nMots_mBits:u_fifo_out"                                                             ;
+-----------+--------+----------+-------------------------------------------------------------------------------------+
; Port      ; Type   ; Severity ; Details                                                                             ;
+-----------+--------+----------+-------------------------------------------------------------------------------------+
; fifolevel ; Output ; Info     ; Connected to dangling logic. Logic that only feeds a dangling port will be removed. ;
+-----------+--------+----------+-------------------------------------------------------------------------------------+


+---------------------------------------------------------------------------------------------------------------------+
; Port Connectivity Checks: "FIFO_nMots_mBits:u_fifo_in"                                                              ;
+-----------+--------+----------+-------------------------------------------------------------------------------------+
; Port      ; Type   ; Severity ; Details                                                                             ;
+-----------+--------+----------+-------------------------------------------------------------------------------------+
; initfifo  ; Input  ; Info     ; Stuck at GND                                                                        ;
; fifolevel ; Output ; Info     ; Connected to dangling logic. Logic that only feeds a dangling port will be removed. ;
; fifoempty ; Output ; Info     ; Connected to dangling logic. Logic that only feeds a dangling port will be removed. ;
+-----------+--------+----------+-------------------------------------------------------------------------------------+


+-----------------------------------------------------+
; Post-Synthesis Netlist Statistics for Top Partition ;
+-----------------------+-----------------------------+
; Type                  ; Count                       ;
+-----------------------+-----------------------------+
; arriav_ff             ; 219                         ;
;     CLR               ; 74                          ;
;     CLR SLD           ; 1                           ;
;     ENA               ; 18                          ;
;     ENA CLR           ; 8                           ;
;     ENA SLD           ; 112                         ;
;     plain             ; 6                           ;
; arriav_lcell_comb     ; 327                         ;
;     arith             ; 7                           ;
;         0 data inputs ; 3                           ;
;         3 data inputs ; 1                           ;
;         5 data inputs ; 3                           ;
;     extend            ; 5                           ;
;         7 data inputs ; 5                           ;
;     normal            ; 315                         ;
;         1 data inputs ; 1                           ;
;         2 data inputs ; 12                          ;
;         3 data inputs ; 80                          ;
;         4 data inputs ; 43                          ;
;         5 data inputs ; 113                         ;
;         6 data inputs ; 66                          ;
; boundary_port         ; 23                          ;
;                       ;                             ;
; Max LUT depth         ; 8.00                        ;
; Average LUT depth     ; 4.26                        ;
+-----------------------+-----------------------------+


+-------------------------------+
; Elapsed Time Per Partition    ;
+----------------+--------------+
; Partition Name ; Elapsed Time ;
+----------------+--------------+
; Top            ; 00:00:02     ;
+----------------+--------------+


+-------------------------------+
; Analysis & Synthesis Messages ;
+-------------------------------+
Info: *******************************************************************
Info: Running Quartus Prime Analysis & Synthesis
    Info: Version 17.1.0 Build 590 10/25/2017 SJ Lite Edition
    Info: Processing started: Fri Jun 05 16:36:45 2026
Info: Command: quartus_map --read_settings_files=on --write_settings_files=off Decodeur_CP -c DPC_decoder
Info (125069): Default assignment values were changed in the current version of the Quartus Prime software -- changes to default assignments values are contained in file d:/intelfpga_lite/17.1/quartus/bin64/assignment_defaults.qdf
Warning (18236): Number of processors has not been specified which may cause overloading on shared machines.  Set the global assignment NUM_PARALLEL_PROCESSORS in your QSF to an appropriate value for best performance.
Info (20030): Parallel compilation is enabled and will use 2 of the 2 processors detected
Info (12021): Found 2 design units, including 1 entities, in source file /users/dell/desktop/enib/s9/csp/mini_projet/v3/fifo_nmots_mbits.vhd
    Info (12022): Found design unit 1: FIFO_nMots_mBits-rtl File: C:/Users/dell/Desktop/ENIB/S9/CSP/mini_projet/v3/FIFO_nMots_mBits.vhd Line: 15
    Info (12023): Found entity 1: FIFO_nMots_mBits File: C:/Users/dell/Desktop/ENIB/S9/CSP/mini_projet/v3/FIFO_nMots_mBits.vhd Line: 5
Info (12021): Found 2 design units, including 1 entities, in source file /users/dell/desktop/enib/s9/csp/mini_projet/v3/dpc_decoder.vhd
    Info (12022): Found design unit 1: DPC_decoder-rtl File: C:/Users/dell/Desktop/ENIB/S9/CSP/mini_projet/v3/DPC_decoder.vhd Line: 25
    Info (12023): Found entity 1: DPC_decoder File: C:/Users/dell/Desktop/ENIB/S9/CSP/mini_projet/v3/DPC_decoder.vhd Line: 11
Info (12021): Found 1 design units, including 1 entities, in source file de0_cv_golden_top.v
    Info (12023): Found entity 1: DE0_CV_golden_top File: C:/Users/dell/Desktop/ENIB/S9/CSP/mini_projet/v3/synthese/DE0_CV_golden_top.v Line: 54
Info (12127): Elaborating entity "DPC_decoder" for the top level hierarchy
Warning (10036): Verilog HDL or VHDL warning at DPC_decoder.vhd(70): object "in_fifo_level" assigned a value but never read File: C:/Users/dell/Desktop/ENIB/S9/CSP/mini_projet/v3/DPC_decoder.vhd Line: 70
Warning (10036): Verilog HDL or VHDL warning at DPC_decoder.vhd(71): object "in_fifo_empty" assigned a value but never read File: C:/Users/dell/Desktop/ENIB/S9/CSP/mini_projet/v3/DPC_decoder.vhd Line: 71
Warning (10036): Verilog HDL or VHDL warning at DPC_decoder.vhd(80): object "out_fifo_level" assigned a value but never read File: C:/Users/dell/Desktop/ENIB/S9/CSP/mini_projet/v3/DPC_decoder.vhd Line: 80
Warning (10036): Verilog HDL or VHDL warning at DPC_decoder.vhd(88): object "vpl_r" assigned a value but never read File: C:/Users/dell/Desktop/ENIB/S9/CSP/mini_projet/v3/DPC_decoder.vhd Line: 88
Warning (10036): Verilog HDL or VHDL warning at DPC_decoder.vhd(88): object "vpc_r" assigned a value but never read File: C:/Users/dell/Desktop/ENIB/S9/CSP/mini_projet/v3/DPC_decoder.vhd Line: 88
Warning (10036): Verilog HDL or VHDL warning at DPC_decoder.vhd(89): object "vpl_cal" assigned a value but never read File: C:/Users/dell/Desktop/ENIB/S9/CSP/mini_projet/v3/DPC_decoder.vhd Line: 89
Warning (10036): Verilog HDL or VHDL warning at DPC_decoder.vhd(89): object "vpc_cal" assigned a value but never read File: C:/Users/dell/Desktop/ENIB/S9/CSP/mini_projet/v3/DPC_decoder.vhd Line: 89
Warning (10036): Verilog HDL or VHDL warning at DPC_decoder.vhd(90): object "err_l" assigned a value but never read File: C:/Users/dell/Desktop/ENIB/S9/CSP/mini_projet/v3/DPC_decoder.vhd Line: 90
Warning (10036): Verilog HDL or VHDL warning at DPC_decoder.vhd(90): object "err_c" assigned a value but never read File: C:/Users/dell/Desktop/ENIB/S9/CSP/mini_projet/v3/DPC_decoder.vhd Line: 90
Warning (10036): Verilog HDL or VHDL warning at DPC_decoder.vhd(91): object "plm_r" assigned a value but never read File: C:/Users/dell/Desktop/ENIB/S9/CSP/mini_projet/v3/DPC_decoder.vhd Line: 91
Warning (10036): Verilog HDL or VHDL warning at DPC_decoder.vhd(91): object "plm_cal" assigned a value but never read File: C:/Users/dell/Desktop/ENIB/S9/CSP/mini_projet/v3/DPC_decoder.vhd Line: 91
Warning (10036): Verilog HDL or VHDL warning at DPC_decoder.vhd(92): object "err_g" assigned a value but never read File: C:/Users/dell/Desktop/ENIB/S9/CSP/mini_projet/v3/DPC_decoder.vhd Line: 92
Warning (10036): Verilog HDL or VHDL warning at DPC_decoder.vhd(93): object "nb_err_l" assigned a value but never read File: C:/Users/dell/Desktop/ENIB/S9/CSP/mini_projet/v3/DPC_decoder.vhd Line: 93
Warning (10036): Verilog HDL or VHDL warning at DPC_decoder.vhd(94): object "nb_err_c" assigned a value but never read File: C:/Users/dell/Desktop/ENIB/S9/CSP/mini_projet/v3/DPC_decoder.vhd Line: 94
Warning (10631): VHDL Process Statement warning at DPC_decoder.vhd(261): inferring latch(es) for signal or variable "dpc_control", which holds its previous value in one or more paths through the process File: C:/Users/dell/Desktop/ENIB/S9/CSP/mini_projet/v3/DPC_decoder.vhd Line: 261
Warning (10631): VHDL Process Statement warning at DPC_decoder.vhd(261): inferring latch(es) for signal or variable "dpc_status", which holds its previous value in one or more paths through the process File: C:/Users/dell/Desktop/ENIB/S9/CSP/mini_projet/v3/DPC_decoder.vhd Line: 261
Info (10041): Inferred latch for "dpc_status[0]" at DPC_decoder.vhd(261) File: C:/Users/dell/Desktop/ENIB/S9/CSP/mini_projet/v3/DPC_decoder.vhd Line: 261
Info (10041): Inferred latch for "dpc_status[1]" at DPC_decoder.vhd(261) File: C:/Users/dell/Desktop/ENIB/S9/CSP/mini_projet/v3/DPC_decoder.vhd Line: 261
Info (10041): Inferred latch for "dpc_status[2]" at DPC_decoder.vhd(261) File: C:/Users/dell/Desktop/ENIB/S9/CSP/mini_projet/v3/DPC_decoder.vhd Line: 261
Info (10041): Inferred latch for "dpc_status[3]" at DPC_decoder.vhd(261) File: C:/Users/dell/Desktop/ENIB/S9/CSP/mini_projet/v3/DPC_decoder.vhd Line: 261
Info (10041): Inferred latch for "dpc_status[4]" at DPC_decoder.vhd(261) File: C:/Users/dell/Desktop/ENIB/S9/CSP/mini_projet/v3/DPC_decoder.vhd Line: 261
Info (10041): Inferred latch for "dpc_control[1]" at DPC_decoder.vhd(261) File: C:/Users/dell/Desktop/ENIB/S9/CSP/mini_projet/v3/DPC_decoder.vhd Line: 261
Info (10041): Inferred latch for "dpc_control[2]" at DPC_decoder.vhd(261) File: C:/Users/dell/Desktop/ENIB/S9/CSP/mini_projet/v3/DPC_decoder.vhd Line: 261
Info (10041): Inferred latch for "dpc_control[3]" at DPC_decoder.vhd(261) File: C:/Users/dell/Desktop/ENIB/S9/CSP/mini_projet/v3/DPC_decoder.vhd Line: 261
Info (10041): Inferred latch for "dpc_control[4]" at DPC_decoder.vhd(261) File: C:/Users/dell/Desktop/ENIB/S9/CSP/mini_projet/v3/DPC_decoder.vhd Line: 261
Info (10041): Inferred latch for "dpc_control[6]" at DPC_decoder.vhd(261) File: C:/Users/dell/Desktop/ENIB/S9/CSP/mini_projet/v3/DPC_decoder.vhd Line: 261
Info (10041): Inferred latch for "dpc_control[7]" at DPC_decoder.vhd(261) File: C:/Users/dell/Desktop/ENIB/S9/CSP/mini_projet/v3/DPC_decoder.vhd Line: 261
Info (12128): Elaborating entity "FIFO_nMots_mBits" for hierarchy "FIFO_nMots_mBits:u_fifo_in" File: C:/Users/dell/Desktop/ENIB/S9/CSP/mini_projet/v3/DPC_decoder.vhd Line: 137
Info (286030): Timing-Driven Synthesis is running
Info (16010): Generating hard_block partition "hard_block:auto_generated_inst"
    Info (16011): Adding 0 node(s), including 0 DDIO, 0 PLL, 0 transceiver and 0 LCELL
Info (21057): Implemented 485 device resources after synthesis - the final resource count might be different
    Info (21058): Implemented 14 input pins
    Info (21059): Implemented 9 output pins
    Info (21061): Implemented 462 logic cells
Info: Quartus Prime Analysis & Synthesis was successful. 0 errors, 17 warnings
    Info: Peak virtual memory: 4848 megabytes
    Info: Processing ended: Fri Jun 05 16:37:05 2026
    Info: Elapsed time: 00:00:20
    Info: Total CPU time (on all processors): 00:00:40


