Flow report for DE0_CV
Fri Jun 19 15:31:46 2026
Quartus Prime Version 17.0.0 Build 595 04/25/2017 SJ Lite Edition


---------------------
; Table of Contents ;
---------------------
  1. Legal Notice
  2. Flow Summary
  3. Flow Settings
  4. Flow Non-Default Global Settings
  5. Flow Elapsed Time
  6. Flow OS Summary
  7. Flow Log
  8. Flow Messages
  9. Flow Suppressed Messages



----------------
; Legal Notice ;
----------------
Copyright (C) 2017  Intel Corporation. All rights reserved.
Your use of Intel Corporation's design tools, logic functions 
and other software and tools, and its AMPP partner logic 
functions, and any output files from any of the foregoing 
(including device programming or simulation files), and any 
associated documentation or information are expressly subject 
to the terms and conditions of the Intel Program License 
Subscription Agreement, the Intel Quartus Prime License Agreement,
the Intel MegaCore Function License Agreement, or other 
applicable license agreement, including, without limitation, 
that your use is for the sole purpose of programming logic 
devices manufactured by Intel and sold by Intel or its 
authorized distributors.  Please refer to the applicable 
agreement for further details.



+-------------------------------------------------------------------------------+
; Flow Summary                                                                  ;
+---------------------------------+---------------------------------------------+
; Flow Status                     ; Successful - Fri Jun 19 15:31:31 2026       ;
; Quartus Prime Version           ; 17.0.0 Build 595 04/25/2017 SJ Lite Edition ;
; Revision Name                   ; DE0_CV                                      ;
; Top-level Entity Name           ; DE0_CV_top                                  ;
; Family                          ; Cyclone V                                   ;
; Device                          ; 5CEBA4F23C7                                 ;
; Timing Models                   ; Final                                       ;
; Logic utilization (in ALMs)     ; 1,548 / 18,480 ( 8 % )                      ;
; Total registers                 ; 2057                                        ;
; Total pins                      ; 206 / 224 ( 92 % )                          ;
; Total virtual pins              ; 0                                           ;
; Total block memory bits         ; 1,035,392 / 3,153,920 ( 33 % )              ;
; Total DSP Blocks                ; 0 / 66 ( 0 % )                              ;
; Total HSSI RX PCSs              ; 0                                           ;
; Total HSSI PMA RX Deserializers ; 0                                           ;
; Total HSSI TX PCSs              ; 0                                           ;
; Total HSSI PMA TX Serializers   ; 0                                           ;
; Total PLLs                      ; 1 / 4 ( 25 % )                              ;
; Total DLLs                      ; 0 / 4 ( 0 % )                               ;
+---------------------------------+---------------------------------------------+


+-----------------------------------------+
; Flow Settings                           ;
+-------------------+---------------------+
; Option            ; Setting             ;
+-------------------+---------------------+
; Start date & time ; 06/19/2026 15:27:42 ;
; Main task         ; Compilation         ;
; Revision Name     ; DE0_CV              ;
+-------------------+---------------------+


+-----------------------------------------------------------------------------------------------------------------------------------------------------------------------+
; Flow Non-Default Global Settings                                                                                                                                      ;
+-------------------------------------+---------------------------------------------------------------+--------------------------------------+-------------+------------+
; Assignment Name                     ; Value                                                         ; Default Value                        ; Entity Name ; Section Id ;
+-------------------------------------+---------------------------------------------------------------+--------------------------------------+-------------+------------+
; COMPILER_SIGNATURE_ID               ; 40664268713880.178187566203652                                ; --                                   ; --          ; --         ;
; FITTER_EFFORT                       ; Standard Fit                                                  ; Auto Fit                             ; --          ; --         ;
; MAX_CORE_JUNCTION_TEMP              ; 85                                                            ; --                                   ; --          ; --         ;
; MIN_CORE_JUNCTION_TEMP              ; 0                                                             ; --                                   ; --          ; --         ;
; MISC_FILE                           ; DE0_CV_QSYS/synthesis/../DE0_CV_QSYS.cmp                      ; --                                   ; --          ; --         ;
; MISC_FILE                           ; DE0_CV_QSYS/synthesis/../../DE0_CV_QSYS.qsys                  ; --                                   ; --          ; --         ;
; OPTIMIZATION_TECHNIQUE              ; Speed                                                         ; Balanced                             ; --          ; --         ;
; OUTPUT_IO_TIMING_FAR_END_VMEAS      ; Half Signal Swing                                             ; --                                   ; --          ; --         ;
; OUTPUT_IO_TIMING_FAR_END_VMEAS      ; Half Signal Swing                                             ; --                                   ; --          ; --         ;
; OUTPUT_IO_TIMING_NEAR_END_VMEAS     ; Half Vccio                                                    ; --                                   ; --          ; --         ;
; OUTPUT_IO_TIMING_NEAR_END_VMEAS     ; Half Vccio                                                    ; --                                   ; --          ; --         ;
; PARTITION_COLOR                     ; -- (Not supported for targeted family)                        ; --                                   ; DE0_CV_top  ; Top        ;
; PARTITION_FITTER_PRESERVATION_LEVEL ; -- (Not supported for targeted family)                        ; --                                   ; DE0_CV_top  ; Top        ;
; PARTITION_NETLIST_TYPE              ; -- (Not supported for targeted family)                        ; --                                   ; DE0_CV_top  ; Top        ;
; POWER_BOARD_THERMAL_MODEL           ; None (CONSERVATIVE)                                           ; --                                   ; --          ; --         ;
; POWER_PRESET_COOLING_SOLUTION       ; 23 MM HEAT SINK WITH 200 LFPM AIRFLOW                         ; --                                   ; --          ; --         ;
; PROJECT_IP_REGENERATION_POLICY      ; ALWAYS_REGENERATE_IP                                          ; SKIP_REGENERATING_IP_IF_HDL_MODIFIED ; --          ; --         ;
; SLD_FILE                            ; DE0_CV_QSYS/synthesis/DE0_CV_QSYS.regmap                      ; --                                   ; --          ; --         ;
; SLD_FILE                            ; DE0_CV_QSYS/synthesis/DE0_CV_QSYS.debuginfo                   ; --                                   ; --          ; --         ;
; SLD_INFO                            ; QSYS_NAME DE0_CV_QSYS HAS_SOPCINFO 1 GENERATION_ID 1781875609 ; --                                   ; DE0_CV_QSYS ; --         ;
; SOPCINFO_FILE                       ; DE0_CV_QSYS/synthesis/../../DE0_CV_QSYS.sopcinfo              ; --                                   ; --          ; --         ;
; SYNTHESIS_ONLY_QIP                  ; On                                                            ; --                                   ; --          ; --         ;
; TOP_LEVEL_ENTITY                    ; DE0_CV_top                                                    ; DE0_CV                               ; --          ; --         ;
+-------------------------------------+---------------------------------------------------------------+--------------------------------------+-------------+------------+


+-------------------------------------------------------------------------------------------------------------------------------+
; Flow Elapsed Time                                                                                                             ;
+---------------------------+--------------+-------------------------+---------------------+------------------------------------+
; Module Name               ; Elapsed Time ; Average Processors Used ; Peak Virtual Memory ; Total CPU Time (on all processors) ;
+---------------------------+--------------+-------------------------+---------------------+------------------------------------+
; Analysis & Synthesis      ; 00:00:33     ; 1.0                     ; 5090 MB             ; 00:00:35                           ;
; Fitter                    ; 00:02:43     ; 1.1                     ; 7527 MB             ; 00:18:57                           ;
; Assembler                 ; 00:00:10     ; 1.0                     ; 4867 MB             ; 00:00:04                           ;
; TimeQuest Timing Analyzer ; 00:00:13     ; 2.0                     ; 5441 MB             ; 00:00:19                           ;
; Total                     ; 00:03:39     ; --                      ; --                  ; 00:19:55                           ;
+---------------------------+--------------+-------------------------+---------------------+------------------------------------+


+-----------------------------------------------------------------------------------------+
; Flow OS Summary                                                                         ;
+---------------------------+------------------+------------+------------+----------------+
; Module Name               ; Machine Hostname ; OS Name    ; OS Version ; Processor type ;
+---------------------------+------------------+------------+------------+----------------+
; Analysis & Synthesis      ; C101-14W         ; Windows 10 ; 10.0       ; x86_64         ;
; Fitter                    ; C101-14W         ; Windows 10 ; 10.0       ; x86_64         ;
; Assembler                 ; C101-14W         ; Windows 10 ; 10.0       ; x86_64         ;
; TimeQuest Timing Analyzer ; C101-14W         ; Windows 10 ; 10.0       ; x86_64         ;
+---------------------------+------------------+------------+------------+----------------+


------------
; Flow Log ;
------------
quartus_map --read_settings_files=on --write_settings_files=off DE0_CV -c DE0_CV
quartus_fit --read_settings_files=off --write_settings_files=off DE0_CV -c DE0_CV
quartus_asm --read_settings_files=off --write_settings_files=off DE0_CV -c DE0_CV
quartus_sta DE0_CV -c DE0_CV



